d:\what the sigma\fortniteexternalbase\fortniteexternalbase\x64\release\vc143.pdb
d:\what the sigma\fortniteexternalbase\fortniteexternalbase\x64\release\vdm_ctx.obj
d:\what the sigma\fortniteexternalbase\fortniteexternalbase\x64\release\drv_image.obj
d:\what the sigma\fortniteexternalbase\fortniteexternalbase\x64\release\initalizer.obj
d:\what the sigma\fortniteexternalbase\fortniteexternalbase\x64\release\imgui_widgets.obj
d:\what the sigma\fortniteexternalbase\fortniteexternalbase\x64\release\imgui_tables.obj
d:\what the sigma\fortniteexternalbase\fortniteexternalbase\x64\release\imgui_impl_win32.obj
d:\what the sigma\fortniteexternalbase\fortniteexternalbase\x64\release\imgui_impl_dx11.obj
d:\what the sigma\fortniteexternalbase\fortniteexternalbase\x64\release\imgui_draw.obj
d:\what the sigma\fortniteexternalbase\fortniteexternalbase\x64\release\imgui_demo.obj
d:\what the sigma\fortniteexternalbase\fortniteexternalbase\x64\release\imgui.obj
d:\what the sigma\fortniteexternalbase\fortniteexternalbase\x64\release\entrypoint.obj
d:\what the sigma\fortniteexternalbase\x64\release\fortnite_external_base.exe
d:\what the sigma\fortniteexternalbase\x64\release\fortnite_external_base.pdb
d:\what the sigma\fortniteexternalbase\fortniteexternalbase\x64\release\fortnite.23e7437f.tlog\cl.command.1.tlog
d:\what the sigma\fortniteexternalbase\fortniteexternalbase\x64\release\fortnite.23e7437f.tlog\cl.items.tlog
d:\what the sigma\fortniteexternalbase\fortniteexternalbase\x64\release\fortnite.23e7437f.tlog\cl.read.1.tlog
d:\what the sigma\fortniteexternalbase\fortniteexternalbase\x64\release\fortnite.23e7437f.tlog\cl.write.1.tlog
d:\what the sigma\fortniteexternalbase\fortniteexternalbase\x64\release\fortnite.23e7437f.tlog\link.command.1.tlog
d:\what the sigma\fortniteexternalbase\fortniteexternalbase\x64\release\fortnite.23e7437f.tlog\link.read.1.tlog
d:\what the sigma\fortniteexternalbase\fortniteexternalbase\x64\release\fortnite.23e7437f.tlog\link.secondary.1.tlog
d:\what the sigma\fortniteexternalbase\fortniteexternalbase\x64\release\fortnite.23e7437f.tlog\link.write.1.tlog
